<?xml version="1.0" encoding="UTF-8"?>
<!-- Generated by org.testng.reporters.JUnitXMLReporter -->
<testsuite ignored="0" hostname="KST-QA-2024-L" failures="1" tests="2" name="Error Validation Test" time="19.496" errors="0" timestamp="2024-07-17T18:53:17 ICT">
  <testcase classname="udemyselenium.tests.ErrorValidationsTest" name="LoginErrorValidation" time="0.591">
    <failure type="java.lang.AssertionError" message="expected [Login Successfully] but found [Incorrect email or password.]">
      <![CDATA[java.lang.AssertionError: expected [Login Successfully] but found [Incorrect email or password.]
at udemyselenium.tests.ErrorValidationsTest.LoginErrorValidation(ErrorValidationsTest.java:23)
at java.base/java.util.ArrayList.forEach(ArrayList.java:1597)
... Removed 31 stack frames]]>
    </failure>
  </testcase> <!-- LoginErrorValidation -->
  <testcase classname="udemyselenium.tests.ErrorValidationsTest" name="ProductErrorValidation" time="3.66"/>
</testsuite> <!-- Error Validation Test -->
