<?xml version="1.0" encoding="UTF-8"?>
<testng-results ignored="0" total="5" passed="4" failed="1" skipped="0">
  <reporter-output>
  </reporter-output>
  <suite started-at="2024-07-17T18:51:54 ICT" name="Suite" finished-at="2024-07-17T18:53:17 ICT" duration-ms="82093">
    <groups>
      <group name="ErrorHandling">
        <method signature="ErrorValidationsTest.LoginErrorValidation()[pri:0, instance:udemyselenium.tests.ErrorValidationsTest@388526fb]" name="LoginErrorValidation" class="udemyselenium.tests.ErrorValidationsTest"/>
      </group> <!-- ErrorHandling -->
      <group name="Purchase">
        <method signature="SubmitOrderTest.submitOrder(java.util.HashMap)[pri:0, instance:udemyselenium.tests.SubmitOrderTest@41e68d87]" name="submitOrder" class="udemyselenium.tests.SubmitOrderTest"/>
      </group> <!-- Purchase -->
    </groups>
    <test started-at="2024-07-17T18:51:54 ICT" name="Submit Order Test" finished-at="2024-07-17T18:52:57 ICT" duration-ms="62178">
      <class name="udemyselenium.tests.SubmitOrderTest">
        <test-method is-config="true" signature="launchApplication()[pri:0, instance:udemyselenium.tests.SubmitOrderTest@41e68d87]" started-at="2024-07-17T18:51:55 ICT" name="launchApplication" finished-at="2024-07-17T18:52:18 ICT" duration-ms="23353" status="PASS">
          <reporter-output>
          </reporter-output>
        </test-method> <!-- launchApplication -->
        <test-method signature="submitOrder(java.util.HashMap)[pri:0, instance:udemyselenium.tests.SubmitOrderTest@41e68d87]" started-at="2024-07-17T18:52:18 ICT" name="submitOrder" data-provider="getData" finished-at="2024-07-17T18:52:25 ICT" duration-ms="6536" status="PASS">
          <params>
            <param index="0">
              <value>
                <![CDATA[{password=!Test1234, product=ZARA COAT 3, email=usersatu@mailinator.com}]]>
              </value>
            </param>
          </params>
          <reporter-output>
          </reporter-output>
        </test-method> <!-- submitOrder -->
        <test-method is-config="true" signature="tearDown()[pri:0, instance:udemyselenium.tests.SubmitOrderTest@41e68d87]" started-at="2024-07-17T18:52:25 ICT" name="tearDown" finished-at="2024-07-17T18:52:25 ICT" duration-ms="112" status="PASS">
          <reporter-output>
          </reporter-output>
        </test-method> <!-- tearDown -->
        <test-method is-config="true" signature="launchApplication()[pri:0, instance:udemyselenium.tests.SubmitOrderTest@41e68d87]" started-at="2024-07-17T18:52:25 ICT" name="launchApplication" finished-at="2024-07-17T18:52:32 ICT" duration-ms="7254" status="PASS">
          <reporter-output>
          </reporter-output>
        </test-method> <!-- launchApplication -->
        <test-method signature="submitOrder(java.util.HashMap)[pri:0, instance:udemyselenium.tests.SubmitOrderTest@41e68d87]" started-at="2024-07-17T18:52:32 ICT" name="submitOrder" data-provider="getData" finished-at="2024-07-17T18:52:49 ICT" duration-ms="16553" status="PASS">
          <params>
            <param index="0">
              <value>
                <![CDATA[{password=!Test1234, product=ADIDAS ORIGINAL, email=userdua@mailinator.com}]]>
              </value>
            </param>
          </params>
          <reporter-output>
          </reporter-output>
        </test-method> <!-- submitOrder -->
        <test-method is-config="true" signature="tearDown()[pri:0, instance:udemyselenium.tests.SubmitOrderTest@41e68d87]" started-at="2024-07-17T18:52:49 ICT" name="tearDown" finished-at="2024-07-17T18:52:49 ICT" duration-ms="76" status="PASS">
          <reporter-output>
          </reporter-output>
        </test-method> <!-- tearDown -->
        <test-method is-config="true" signature="launchApplication()[pri:0, instance:udemyselenium.tests.SubmitOrderTest@41e68d87]" started-at="2024-07-17T18:52:49 ICT" name="launchApplication" finished-at="2024-07-17T18:52:56 ICT" duration-ms="7241" status="PASS">
          <reporter-output>
          </reporter-output>
        </test-method> <!-- launchApplication -->
        <test-method signature="OrderHistoryTest()[pri:0, instance:udemyselenium.tests.SubmitOrderTest@41e68d87]" started-at="2024-07-17T18:52:56 ICT" name="OrderHistoryTest" finished-at="2024-07-17T18:52:57 ICT" depends-on-methods="udemyselenium.tests.SubmitOrderTest.submitOrder" duration-ms="748" status="PASS">
          <reporter-output>
          </reporter-output>
        </test-method> <!-- OrderHistoryTest -->
        <test-method is-config="true" signature="tearDown()[pri:0, instance:udemyselenium.tests.SubmitOrderTest@41e68d87]" started-at="2024-07-17T18:52:57 ICT" name="tearDown" finished-at="2024-07-17T18:52:57 ICT" duration-ms="56" status="PASS">
          <reporter-output>
          </reporter-output>
        </test-method> <!-- tearDown -->
      </class> <!-- udemyselenium.tests.SubmitOrderTest -->
    </test> <!-- Submit Order Test -->
    <test started-at="2024-07-17T18:52:57 ICT" name="Error Validation Test" finished-at="2024-07-17T18:53:17 ICT" duration-ms="19496">
      <class name="udemyselenium.tests.ErrorValidationsTest">
        <test-method is-config="true" signature="launchApplication()[pri:0, instance:udemyselenium.tests.ErrorValidationsTest@388526fb]" started-at="2024-07-17T18:52:57 ICT" name="launchApplication" finished-at="2024-07-17T18:53:05 ICT" duration-ms="7647" status="PASS">
          <reporter-output>
          </reporter-output>
        </test-method> <!-- launchApplication -->
        <test-method signature="LoginErrorValidation()[pri:0, instance:udemyselenium.tests.ErrorValidationsTest@388526fb]" started-at="2024-07-17T18:53:05 ICT" name="LoginErrorValidation" finished-at="2024-07-17T18:53:05 ICT" duration-ms="591" status="FAIL">
          <exception class="java.lang.AssertionError">
            <message>
              <![CDATA[expected [Login Successfully] but found [Incorrect email or password.]]]>
            </message>
            <full-stacktrace>
              <![CDATA[java.lang.AssertionError: expected [Login Successfully] but found [Incorrect email or password.]
at org.testng.Assert.fail(Assert.java:99)
at org.testng.Assert.failNotEquals(Assert.java:1037)
at org.testng.Assert.assertEqualsImpl(Assert.java:140)
at org.testng.Assert.assertEquals(Assert.java:122)
at org.testng.Assert.assertEquals(Assert.java:629)
at org.testng.Assert.assertEquals(Assert.java:639)
at udemyselenium.tests.ErrorValidationsTest.LoginErrorValidation(ErrorValidationsTest.java:23)
at java.base/jdk.internal.reflect.DirectMethodHandleAccessor.invoke(DirectMethodHandleAccessor.java:103)
at java.base/java.lang.reflect.Method.invoke(Method.java:580)
at org.testng.internal.MethodInvocationHelper.invokeMethod(MethodInvocationHelper.java:133)
at org.testng.internal.TestInvoker.invokeMethod(TestInvoker.java:598)
at org.testng.internal.TestInvoker.invokeTestMethod(TestInvoker.java:173)
at org.testng.internal.MethodRunner.runInSequence(MethodRunner.java:46)
at org.testng.internal.TestInvoker$MethodInvocationAgent.invoke(TestInvoker.java:824)
at org.testng.internal.TestInvoker.invokeTestMethods(TestInvoker.java:146)
at org.testng.internal.TestMethodWorker.invokeTestMethods(TestMethodWorker.java:146)
at org.testng.internal.TestMethodWorker.run(TestMethodWorker.java:128)
at java.base/java.util.ArrayList.forEach(ArrayList.java:1597)
at org.testng.TestRunner.privateRun(TestRunner.java:794)
at org.testng.TestRunner.run(TestRunner.java:596)
at org.testng.SuiteRunner.runTest(SuiteRunner.java:377)
at org.testng.SuiteRunner.runSequentially(SuiteRunner.java:371)
at org.testng.SuiteRunner.privateRun(SuiteRunner.java:332)
at org.testng.SuiteRunner.run(SuiteRunner.java:276)
at org.testng.SuiteRunnerWorker.runSuite(SuiteRunnerWorker.java:53)
at org.testng.SuiteRunnerWorker.run(SuiteRunnerWorker.java:96)
at org.testng.TestNG.runSuitesSequentially(TestNG.java:1212)
at org.testng.TestNG.runSuitesLocally(TestNG.java:1134)
at org.testng.TestNG.runSuites(TestNG.java:1063)
at org.testng.TestNG.run(TestNG.java:1031)
at org.testng.remote.AbstractRemoteTestNG.run(AbstractRemoteTestNG.java:115)
at org.testng.remote.RemoteTestNG.initAndRun(RemoteTestNG.java:293)
at org.testng.remote.RemoteTestNG.main(RemoteTestNG.java:91)
]]>
            </full-stacktrace>
          </exception> <!-- java.lang.AssertionError -->
          <reporter-output>
          </reporter-output>
        </test-method> <!-- LoginErrorValidation -->
        <test-method is-config="true" signature="tearDown()[pri:0, instance:udemyselenium.tests.ErrorValidationsTest@388526fb]" started-at="2024-07-17T18:53:06 ICT" name="tearDown" finished-at="2024-07-17T18:53:06 ICT" duration-ms="82" status="PASS">
          <reporter-output>
          </reporter-output>
        </test-method> <!-- tearDown -->
        <test-method is-config="true" signature="launchApplication()[pri:0, instance:udemyselenium.tests.ErrorValidationsTest@388526fb]" started-at="2024-07-17T18:53:06 ICT" name="launchApplication" finished-at="2024-07-17T18:53:13 ICT" duration-ms="7066" status="PASS">
          <reporter-output>
          </reporter-output>
        </test-method> <!-- launchApplication -->
        <test-method signature="ProductErrorValidation()[pri:0, instance:udemyselenium.tests.ErrorValidationsTest@388526fb]" started-at="2024-07-17T18:53:13 ICT" name="ProductErrorValidation" finished-at="2024-07-17T18:53:16 ICT" duration-ms="3660" status="PASS">
          <reporter-output>
          </reporter-output>
        </test-method> <!-- ProductErrorValidation -->
        <test-method is-config="true" signature="tearDown()[pri:0, instance:udemyselenium.tests.ErrorValidationsTest@388526fb]" started-at="2024-07-17T18:53:16 ICT" name="tearDown" finished-at="2024-07-17T18:53:17 ICT" duration-ms="130" status="PASS">
          <reporter-output>
          </reporter-output>
        </test-method> <!-- tearDown -->
      </class> <!-- udemyselenium.tests.ErrorValidationsTest -->
    </test> <!-- Error Validation Test -->
  </suite> <!-- Suite -->
</testng-results>
